[      97ms] [INFO] %cDownload the React DevTools for a better development experience: https://react.dev/link/react-devtools font-weight:bold @ http://localhost:5174/node_modules/.vite/deps/react-dom_client.js?v=f8f8ae5f:14336
[     222ms] [VERBOSE] [DOM] Password forms should have (optionally hidden) username fields for accessibility: (More info: https://goo.gl/9p2vKq) %o @ http://localhost:5174/#integrations:0
[  106063ms] [ERROR] Failed to load resource: the server responded with a status of 502 (Bad Gateway) @ http://localhost:5174/v1/approvals/pending?tenant_id=default_tenant&workspace_id=default_workspace&project_id=default_project:0
[  106619ms] [ERROR] Failed to load resource: the server responded with a status of 502 (Bad Gateway) @ http://localhost:5174/v1/webhooks/github/queue:0
[  107622ms] [ERROR] Failed to load resource: the server responded with a status of 502 (Bad Gateway) @ http://localhost:5174/v1/webhooks/github/queue:0
[  109624ms] [ERROR] Failed to load resource: the server responded with a status of 502 (Bad Gateway) @ http://localhost:5174/v1/webhooks/github/queue:0
[  110359ms] [ERROR] Failed to load resource: the server responded with a status of 502 (Bad Gateway) @ http://localhost:5174/v1/webhooks/github/installations:0
[  110977ms] [ERROR] Failed to load resource: the server responded with a status of 502 (Bad Gateway) @ http://localhost:5174/health:0
[  110977ms] [ERROR] Failed to load resource: the server responded with a status of 502 (Bad Gateway) @ http://localhost:5174/v1/status:0
[  111035ms] [ERROR] Failed to load resource: the server responded with a status of 502 (Bad Gateway) @ http://localhost:5174/v1/notifications?limit=50:0
[  111035ms] [ERROR] Failed to load resource: the server responded with a status of 502 (Bad Gateway) @ http://localhost:5174/v1/dashboard:0
[  111362ms] [ERROR] Failed to load resource: the server responded with a status of 502 (Bad Gateway) @ http://localhost:5174/v1/webhooks/github/installations:0
[  113364ms] [ERROR] Failed to load resource: the server responded with a status of 502 (Bad Gateway) @ http://localhost:5174/v1/webhooks/github/installations:0
[  113625ms] [ERROR] Failed to load resource: the server responded with a status of 502 (Bad Gateway) @ http://localhost:5174/v1/webhooks/github/queue:0
[  116064ms] [ERROR] Failed to load resource: the server responded with a status of 502 (Bad Gateway) @ http://localhost:5174/v1/approvals/pending?tenant_id=default_tenant&workspace_id=default_workspace&project_id=default_project:0
[  116629ms] [ERROR] Failed to load resource: the server responded with a status of 502 (Bad Gateway) @ http://localhost:5174/v1/webhooks/github/queue:0
[  117367ms] [ERROR] Failed to load resource: the server responded with a status of 502 (Bad Gateway) @ http://localhost:5174/v1/webhooks/github/installations:0
[  117632ms] [ERROR] Failed to load resource: the server responded with a status of 502 (Bad Gateway) @ http://localhost:5174/v1/webhooks/github/queue:0
[  119635ms] [ERROR] Failed to load resource: the server responded with a status of 502 (Bad Gateway) @ http://localhost:5174/v1/webhooks/github/queue:0
[  123639ms] [ERROR] Failed to load resource: the server responded with a status of 502 (Bad Gateway) @ http://localhost:5174/v1/webhooks/github/queue:0
[  125984ms] [ERROR] Failed to load resource: the server responded with a status of 502 (Bad Gateway) @ http://localhost:5174/health:0
[  125984ms] [ERROR] Failed to load resource: the server responded with a status of 502 (Bad Gateway) @ http://localhost:5174/v1/status:0
[  126019ms] [ERROR] Failed to load resource: the server responded with a status of 502 (Bad Gateway) @ http://localhost:5174/health:0
[  126019ms] [ERROR] Failed to load resource: the server responded with a status of 502 (Bad Gateway) @ http://localhost:5174/v1/status:0
[  126036ms] [ERROR] Failed to load resource: the server responded with a status of 502 (Bad Gateway) @ http://localhost:5174/v1/notifications?limit=50:0
[  126037ms] [ERROR] Failed to load resource: the server responded with a status of 502 (Bad Gateway) @ http://localhost:5174/v1/dashboard:0
[  126067ms] [ERROR] Failed to load resource: the server responded with a status of 502 (Bad Gateway) @ http://localhost:5174/v1/approvals/pending?tenant_id=default_tenant&workspace_id=default_workspace&project_id=default_project:0
[  126643ms] [ERROR] Failed to load resource: the server responded with a status of 502 (Bad Gateway) @ http://localhost:5174/v1/webhooks/github/queue:0
[  127022ms] [ERROR] Failed to load resource: the server responded with a status of 502 (Bad Gateway) @ http://localhost:5174/health:0
[  127022ms] [ERROR] Failed to load resource: the server responded with a status of 502 (Bad Gateway) @ http://localhost:5174/v1/status:0
[  184417ms] [ERROR] Failed to load resource: the server responded with a status of 502 (Bad Gateway) @ http://localhost:5174/v1/webhooks/github/installations:0
[  185420ms] [ERROR] Failed to load resource: the server responded with a status of 502 (Bad Gateway) @ http://localhost:5174/v1/webhooks/github/installations:0
[  185983ms] [ERROR] Failed to load resource: the server responded with a status of 502 (Bad Gateway) @ http://localhost:5174/health:0
[  185984ms] [ERROR] Failed to load resource: the server responded with a status of 502 (Bad Gateway) @ http://localhost:5174/v1/status:0
[  186053ms] [ERROR] Failed to load resource: the server responded with a status of 502 (Bad Gateway) @ http://localhost:5174/v1/notifications?limit=50:0
[  186054ms] [ERROR] Failed to load resource: the server responded with a status of 502 (Bad Gateway) @ http://localhost:5174/v1/dashboard:0
[  186096ms] [ERROR] Failed to load resource: the server responded with a status of 502 (Bad Gateway) @ http://localhost:5174/v1/approvals/pending?tenant_id=default_tenant&workspace_id=default_workspace&project_id=default_project:0
[  186928ms] [ERROR] Failed to load resource: the server responded with a status of 502 (Bad Gateway) @ http://localhost:5174/v1/webhooks/github/queue:0
[  187029ms] [ERROR] Failed to load resource: the server responded with a status of 502 (Bad Gateway) @ http://localhost:5174/health:0
[  187029ms] [ERROR] Failed to load resource: the server responded with a status of 502 (Bad Gateway) @ http://localhost:5174/v1/status:0
[  187422ms] [ERROR] Failed to load resource: the server responded with a status of 502 (Bad Gateway) @ http://localhost:5174/v1/webhooks/github/installations:0
[  187930ms] [ERROR] Failed to load resource: the server responded with a status of 502 (Bad Gateway) @ http://localhost:5174/v1/webhooks/github/queue:0
[  188032ms] [ERROR] Failed to load resource: the server responded with a status of 502 (Bad Gateway) @ http://localhost:5174/health:0
[  188032ms] [ERROR] Failed to load resource: the server responded with a status of 502 (Bad Gateway) @ http://localhost:5174/v1/status:0
[  189933ms] [ERROR] Failed to load resource: the server responded with a status of 502 (Bad Gateway) @ http://localhost:5174/v1/webhooks/github/queue:0
[  191425ms] [ERROR] Failed to load resource: the server responded with a status of 502 (Bad Gateway) @ http://localhost:5174/v1/webhooks/github/installations:0
[  193935ms] [ERROR] Failed to load resource: the server responded with a status of 502 (Bad Gateway) @ http://localhost:5174/v1/webhooks/github/queue:0
[  196099ms] [ERROR] Failed to load resource: the server responded with a status of 502 (Bad Gateway) @ http://localhost:5174/v1/approvals/pending?tenant_id=default_tenant&workspace_id=default_workspace&project_id=default_project:0
[  196939ms] [ERROR] Failed to load resource: the server responded with a status of 502 (Bad Gateway) @ http://localhost:5174/v1/webhooks/github/queue:0
[  197943ms] [ERROR] Failed to load resource: the server responded with a status of 502 (Bad Gateway) @ http://localhost:5174/v1/webhooks/github/queue:0
[  199945ms] [ERROR] Failed to load resource: the server responded with a status of 502 (Bad Gateway) @ http://localhost:5174/v1/webhooks/github/queue:0
[  200973ms] [ERROR] Failed to load resource: the server responded with a status of 502 (Bad Gateway) @ http://localhost:5174/health:0
[  200973ms] [ERROR] Failed to load resource: the server responded with a status of 502 (Bad Gateway) @ http://localhost:5174/v1/status:0
[  201056ms] [ERROR] Failed to load resource: the server responded with a status of 502 (Bad Gateway) @ http://localhost:5174/v1/notifications?limit=50:0
[  201056ms] [ERROR] Failed to load resource: the server responded with a status of 502 (Bad Gateway) @ http://localhost:5174/v1/dashboard:0
[  203947ms] [ERROR] Failed to load resource: the server responded with a status of 502 (Bad Gateway) @ http://localhost:5174/v1/webhooks/github/queue:0
[  206100ms] [ERROR] Failed to load resource: the server responded with a status of 502 (Bad Gateway) @ http://localhost:5174/v1/approvals/pending?tenant_id=default_tenant&workspace_id=default_workspace&project_id=default_project:0
[  206951ms] [ERROR] Failed to load resource: the server responded with a status of 502 (Bad Gateway) @ http://localhost:5174/v1/webhooks/github/queue:0
[  207961ms] [ERROR] Failed to load resource: the server responded with a status of 502 (Bad Gateway) @ http://localhost:5174/v1/webhooks/github/queue:0
[  209964ms] [ERROR] Failed to load resource: the server responded with a status of 502 (Bad Gateway) @ http://localhost:5174/v1/webhooks/github/queue:0
[  213967ms] [ERROR] Failed to load resource: the server responded with a status of 502 (Bad Gateway) @ http://localhost:5174/v1/webhooks/github/queue:0
[  215981ms] [ERROR] Failed to load resource: the server responded with a status of 502 (Bad Gateway) @ http://localhost:5174/health:0
[  215982ms] [ERROR] Failed to load resource: the server responded with a status of 502 (Bad Gateway) @ http://localhost:5174/v1/status:0
[  216058ms] [ERROR] Failed to load resource: the server responded with a status of 502 (Bad Gateway) @ http://localhost:5174/v1/notifications?limit=50:0
[  216058ms] [ERROR] Failed to load resource: the server responded with a status of 502 (Bad Gateway) @ http://localhost:5174/v1/dashboard:0
[  216103ms] [ERROR] Failed to load resource: the server responded with a status of 502 (Bad Gateway) @ http://localhost:5174/v1/approvals/pending?tenant_id=default_tenant&workspace_id=default_workspace&project_id=default_project:0
[  216972ms] [ERROR] Failed to load resource: the server responded with a status of 502 (Bad Gateway) @ http://localhost:5174/v1/webhooks/github/queue:0
[  217974ms] [ERROR] Failed to load resource: the server responded with a status of 502 (Bad Gateway) @ http://localhost:5174/v1/webhooks/github/queue:0
[  218034ms] [ERROR] Failed to load resource: the server responded with a status of 502 (Bad Gateway) @ http://localhost:5174/health:0
[  218035ms] [ERROR] Failed to load resource: the server responded with a status of 502 (Bad Gateway) @ http://localhost:5174/v1/status:0
[  219045ms] [ERROR] Failed to load resource: the server responded with a status of 502 (Bad Gateway) @ http://localhost:5174/health:0
[  219046ms] [ERROR] Failed to load resource: the server responded with a status of 502 (Bad Gateway) @ http://localhost:5174/v1/status:0
[  219977ms] [ERROR] Failed to load resource: the server responded with a status of 502 (Bad Gateway) @ http://localhost:5174/v1/webhooks/github/queue:0
[  221427ms] [ERROR] Failed to load resource: the server responded with a status of 502 (Bad Gateway) @ http://localhost:5174/v1/webhooks/github/installations:0
[  222429ms] [ERROR] Failed to load resource: the server responded with a status of 502 (Bad Gateway) @ http://localhost:5174/v1/webhooks/github/installations:0
[  223980ms] [ERROR] Failed to load resource: the server responded with a status of 502 (Bad Gateway) @ http://localhost:5174/v1/webhooks/github/queue:0
[  224431ms] [ERROR] Failed to load resource: the server responded with a status of 502 (Bad Gateway) @ http://localhost:5174/v1/webhooks/github/installations:0
[  226107ms] [ERROR] Failed to load resource: the server responded with a status of 502 (Bad Gateway) @ http://localhost:5174/v1/approvals/pending?tenant_id=default_tenant&workspace_id=default_workspace&project_id=default_project:0
[  226984ms] [ERROR] Failed to load resource: the server responded with a status of 502 (Bad Gateway) @ http://localhost:5174/v1/webhooks/github/queue:0
[  227986ms] [ERROR] Failed to load resource: the server responded with a status of 502 (Bad Gateway) @ http://localhost:5174/v1/webhooks/github/queue:0
[  228434ms] [ERROR] Failed to load resource: the server responded with a status of 502 (Bad Gateway) @ http://localhost:5174/v1/webhooks/github/installations:0
[  229989ms] [ERROR] Failed to load resource: the server responded with a status of 502 (Bad Gateway) @ http://localhost:5174/v1/webhooks/github/queue:0
[  230972ms] [ERROR] Failed to load resource: the server responded with a status of 502 (Bad Gateway) @ http://localhost:5174/health:0
[  230972ms] [ERROR] Failed to load resource: the server responded with a status of 502 (Bad Gateway) @ http://localhost:5174/v1/status:0
[  231061ms] [ERROR] Failed to load resource: the server responded with a status of 502 (Bad Gateway) @ http://localhost:5174/v1/notifications?limit=50:0
[  231061ms] [ERROR] Failed to load resource: the server responded with a status of 502 (Bad Gateway) @ http://localhost:5174/v1/dashboard:0
[  233990ms] [ERROR] Failed to load resource: the server responded with a status of 502 (Bad Gateway) @ http://localhost:5174/v1/webhooks/github/queue:0
[  236109ms] [ERROR] Failed to load resource: the server responded with a status of 502 (Bad Gateway) @ http://localhost:5174/v1/approvals/pending?tenant_id=default_tenant&workspace_id=default_workspace&project_id=default_project:0
[  236994ms] [ERROR] Failed to load resource: the server responded with a status of 502 (Bad Gateway) @ http://localhost:5174/v1/webhooks/github/queue:0
[  237996ms] [ERROR] Failed to load resource: the server responded with a status of 502 (Bad Gateway) @ http://localhost:5174/v1/webhooks/github/queue:0
[  450728ms] [ERROR] Failed to load resource: the server responded with a status of 502 (Bad Gateway) @ http://localhost:5174/v1/webhooks/github/installations:0
[  451121ms] [ERROR] Failed to load resource: the server responded with a status of 502 (Bad Gateway) @ http://localhost:5174/v1/webhooks/github/queue:0
[  455125ms] [ERROR] Failed to load resource: the server responded with a status of 502 (Bad Gateway) @ http://localhost:5174/v1/webhooks/github/queue:0
[  455969ms] [ERROR] Failed to load resource: the server responded with a status of 502 (Bad Gateway) @ http://localhost:5174/health:0
[  455970ms] [ERROR] Failed to load resource: the server responded with a status of 502 (Bad Gateway) @ http://localhost:5174/v1/status:0
[  456146ms] [ERROR] Failed to load resource: the server responded with a status of 502 (Bad Gateway) @ http://localhost:5174/v1/notifications?limit=50:0
[  456146ms] [ERROR] Failed to load resource: the server responded with a status of 502 (Bad Gateway) @ http://localhost:5174/v1/dashboard:0
[  456235ms] [ERROR] Failed to load resource: the server responded with a status of 502 (Bad Gateway) @ http://localhost:5174/v1/approvals/pending?tenant_id=default_tenant&workspace_id=default_workspace&project_id=default_project:0
[  458129ms] [ERROR] Failed to load resource: the server responded with a status of 502 (Bad Gateway) @ http://localhost:5174/v1/webhooks/github/queue:0
[  459083ms] [ERROR] Failed to load resource: the server responded with a status of 502 (Bad Gateway) @ http://localhost:5174/health:0
[  459084ms] [ERROR] Failed to load resource: the server responded with a status of 502 (Bad Gateway) @ http://localhost:5174/v1/status:0
[  459133ms] [ERROR] Failed to load resource: the server responded with a status of 502 (Bad Gateway) @ http://localhost:5174/v1/webhooks/github/queue:0
[  460086ms] [ERROR] Failed to load resource: the server responded with a status of 502 (Bad Gateway) @ http://localhost:5174/health:0
[  460086ms] [ERROR] Failed to load resource: the server responded with a status of 502 (Bad Gateway) @ http://localhost:5174/v1/status:0
[  461136ms] [ERROR] Failed to load resource: the server responded with a status of 502 (Bad Gateway) @ http://localhost:5174/v1/webhooks/github/queue:0
[  465138ms] [ERROR] Failed to load resource: the server responded with a status of 502 (Bad Gateway) @ http://localhost:5174/v1/webhooks/github/queue:0
[  466238ms] [ERROR] Failed to load resource: the server responded with a status of 502 (Bad Gateway) @ http://localhost:5174/v1/approvals/pending?tenant_id=default_tenant&workspace_id=default_workspace&project_id=default_project:0
[  468142ms] [ERROR] Failed to load resource: the server responded with a status of 502 (Bad Gateway) @ http://localhost:5174/v1/webhooks/github/queue:0
[  469145ms] [ERROR] Failed to load resource: the server responded with a status of 502 (Bad Gateway) @ http://localhost:5174/v1/webhooks/github/queue:0
[  470960ms] [ERROR] Failed to load resource: the server responded with a status of 502 (Bad Gateway) @ http://localhost:5174/health:0
[  470960ms] [ERROR] Failed to load resource: the server responded with a status of 502 (Bad Gateway) @ http://localhost:5174/v1/status:0
[  471148ms] [ERROR] Failed to load resource: the server responded with a status of 502 (Bad Gateway) @ http://localhost:5174/v1/webhooks/github/queue:0
[  471148ms] [ERROR] Failed to load resource: the server responded with a status of 502 (Bad Gateway) @ http://localhost:5174/v1/notifications?limit=50:0
[  471148ms] [ERROR] Failed to load resource: the server responded with a status of 502 (Bad Gateway) @ http://localhost:5174/v1/dashboard:0
[  475149ms] [ERROR] Failed to load resource: the server responded with a status of 502 (Bad Gateway) @ http://localhost:5174/v1/webhooks/github/queue:0
[  476240ms] [ERROR] Failed to load resource: the server responded with a status of 502 (Bad Gateway) @ http://localhost:5174/v1/approvals/pending?tenant_id=default_tenant&workspace_id=default_workspace&project_id=default_project:0
[  478152ms] [ERROR] Failed to load resource: the server responded with a status of 502 (Bad Gateway) @ http://localhost:5174/v1/webhooks/github/queue:0
[  479155ms] [ERROR] Failed to load resource: the server responded with a status of 502 (Bad Gateway) @ http://localhost:5174/v1/webhooks/github/queue:0
[  480730ms] [ERROR] Failed to load resource: the server responded with a status of 502 (Bad Gateway) @ http://localhost:5174/v1/webhooks/github/installations:0
[  481158ms] [ERROR] Failed to load resource: the server responded with a status of 502 (Bad Gateway) @ http://localhost:5174/v1/webhooks/github/queue:0
[  481733ms] [ERROR] Failed to load resource: the server responded with a status of 502 (Bad Gateway) @ http://localhost:5174/v1/webhooks/github/installations:0
[  483736ms] [ERROR] Failed to load resource: the server responded with a status of 502 (Bad Gateway) @ http://localhost:5174/v1/webhooks/github/installations:0
[  485160ms] [ERROR] Failed to load resource: the server responded with a status of 502 (Bad Gateway) @ http://localhost:5174/v1/webhooks/github/queue:0
[  485975ms] [ERROR] Failed to load resource: the server responded with a status of 502 (Bad Gateway) @ http://localhost:5174/health:0
[  485975ms] [ERROR] Failed to load resource: the server responded with a status of 502 (Bad Gateway) @ http://localhost:5174/v1/status:0
[  486149ms] [ERROR] Failed to load resource: the server responded with a status of 502 (Bad Gateway) @ http://localhost:5174/v1/notifications?limit=50:0
[  486150ms] [ERROR] Failed to load resource: the server responded with a status of 502 (Bad Gateway) @ http://localhost:5174/v1/dashboard:0
[  486243ms] [ERROR] Failed to load resource: the server responded with a status of 502 (Bad Gateway) @ http://localhost:5174/v1/approvals/pending?tenant_id=default_tenant&workspace_id=default_workspace&project_id=default_project:0
[  487739ms] [ERROR] Failed to load resource: the server responded with a status of 502 (Bad Gateway) @ http://localhost:5174/v1/webhooks/github/installations:0
[  488164ms] [ERROR] Failed to load resource: the server responded with a status of 502 (Bad Gateway) @ http://localhost:5174/v1/webhooks/github/queue:0
[  489167ms] [ERROR] Failed to load resource: the server responded with a status of 502 (Bad Gateway) @ http://localhost:5174/v1/webhooks/github/queue:0
[  490088ms] [ERROR] Failed to load resource: the server responded with a status of 502 (Bad Gateway) @ http://localhost:5174/health:0
[  490088ms] [ERROR] Failed to load resource: the server responded with a status of 502 (Bad Gateway) @ http://localhost:5174/v1/status:0
[  491091ms] [ERROR] Failed to load resource: the server responded with a status of 502 (Bad Gateway) @ http://localhost:5174/health:0
[  491091ms] [ERROR] Failed to load resource: the server responded with a status of 502 (Bad Gateway) @ http://localhost:5174/v1/status:0
[  491170ms] [ERROR] Failed to load resource: the server responded with a status of 502 (Bad Gateway) @ http://localhost:5174/v1/webhooks/github/queue:0
[  495173ms] [ERROR] Failed to load resource: the server responded with a status of 502 (Bad Gateway) @ http://localhost:5174/v1/webhooks/github/queue:0
[  496253ms] [ERROR] Failed to load resource: the server responded with a status of 502 (Bad Gateway) @ http://localhost:5174/v1/approvals/pending?tenant_id=default_tenant&workspace_id=default_workspace&project_id=default_project:0
[  498177ms] [ERROR] Failed to load resource: the server responded with a status of 502 (Bad Gateway) @ http://localhost:5174/v1/webhooks/github/queue:0
[  499180ms] [ERROR] Failed to load resource: the server responded with a status of 502 (Bad Gateway) @ http://localhost:5174/v1/webhooks/github/queue:0
[  500959ms] [ERROR] Failed to load resource: the server responded with a status of 502 (Bad Gateway) @ http://localhost:5174/health:0
[  500959ms] [ERROR] Failed to load resource: the server responded with a status of 502 (Bad Gateway) @ http://localhost:5174/v1/status:0
[  501152ms] [ERROR] Failed to load resource: the server responded with a status of 502 (Bad Gateway) @ http://localhost:5174/v1/notifications?limit=50:0
[  501153ms] [ERROR] Failed to load resource: the server responded with a status of 502 (Bad Gateway) @ http://localhost:5174/v1/dashboard:0
[  501182ms] [ERROR] Failed to load resource: the server responded with a status of 502 (Bad Gateway) @ http://localhost:5174/v1/webhooks/github/queue:0
[  505184ms] [ERROR] Failed to load resource: the server responded with a status of 502 (Bad Gateway) @ http://localhost:5174/v1/webhooks/github/queue:0
[  506256ms] [ERROR] Failed to load resource: the server responded with a status of 502 (Bad Gateway) @ http://localhost:5174/v1/approvals/pending?tenant_id=default_tenant&workspace_id=default_workspace&project_id=default_project:0
[  508188ms] [ERROR] Failed to load resource: the server responded with a status of 502 (Bad Gateway) @ http://localhost:5174/v1/webhooks/github/queue:0
[  509191ms] [ERROR] Failed to load resource: the server responded with a status of 502 (Bad Gateway) @ http://localhost:5174/v1/webhooks/github/queue:0
[  511193ms] [ERROR] Failed to load resource: the server responded with a status of 502 (Bad Gateway) @ http://localhost:5174/v1/webhooks/github/queue:0
